Training logs - Augmented


Epoch: 0
train: 34376it [53:31, 10.70it/s, Mix
edLoss - 9.381, iou_score - 0.2933]
valid: 8184it [04:51, 28.05it/s, Mixe
dLoss - 13.96, iou_score - 0.2222]
Model saved!

Epoch: 1
train: 34376it [54:34, 10.50it/s, Mix
edLoss - 9.367, iou_score - 0.3095]
valid: 8184it [04:56, 27.63it/s, Mixe
dLoss - 14.06, iou_score - 0.2534]
Model saved!

Epoch: 2
train: 34376it [55:35, 10.31it/s, Mix
edLoss - 9.363, iou_score - 0.3132]
valid: 8184it [04:59, 27.37it/s, Mixe
dLoss - 13.45, iou_score - 0.2951]
Model saved!

Epoch: 3
train: 34376it [56:29, 10.14it/s, Mix
edLoss - 9.361, iou_score - 0.3202]
valid: 8184it [05:00, 27.20it/s, Mixe
dLoss - 13.21, iou_score - 0.3752]
Model saved!
Decrease decoder learning rate to 1e-
3!

Epoch: 4
train: 34376it [1:03:03,  9.09it/s, M
ixedLoss - 9.361, iou_score - 0.32]
valid: 8184it [05:00, 27.26it/s, Mixe
dLoss - 13.3, iou_score - 0.3344]

Epoch: 5
train: 34376it [58:23,  9.81it/s, Mix
edLoss - 9.359, iou_score - 0.3218]
valid: 8184it [04:59, 27.34it/s, Mixe
dLoss - 13.87, iou_score - 0.295]
Decrease decoder learning rate to 1e-
5!

Epoch: 6
train: 34376it [1:01:06,  9.38it/s, M
ixedLoss - 9.352, iou_score - 0.3249]
valid: 8184it [05:00, 27.23it/s, Mixe
dLoss - 13.4, iou_score - 0.3379]

Epoch: 7
train: 34376it [1:01:38,  9.29it/s, M
ixedLoss - 9.35, iou_score - 0.3282]
valid: 8184it [05:01, 27.15it/s, Mixe
dLoss - 13.39, iou_score - 0.3355]

Epoch: 8
train: 34376it [1:03:01,  9.09it/s, M
ixedLoss - 9.349, iou_score - 0.3271]
valid: 8184it [05:04, 26.85it/s, Mixe
dLoss - 13.4, iou_score - 0.3364]

Epoch: 9
train: 34376it [58:24,  9.81it/s, Mix
edLoss - 9.349, iou_score - 0.3286]
valid: 8184it [05:01, 27.10it/s, Mixe
dLoss - 13.42, iou_score - 0.3378]

